[DEBUG][2018-05-15 21:37:04,193][org.mybatis.generator.internal.db.DatabaseIntrospector]Retrieving column information for table "blog"
[DEBUG][2018-05-15 21:37:04,205][org.mybatis.generator.internal.db.DatabaseIntrospector]Found column "id", data type 4, in table "blog_gp1701..blog"
[DEBUG][2018-05-15 21:37:04,205][org.mybatis.generator.internal.db.DatabaseIntrospector]Found column "title", data type 12, in table "blog_gp1701..blog"
[DEBUG][2018-05-15 21:37:04,205][org.mybatis.generator.internal.db.DatabaseIntrospector]Found column "author_Id", data type 4, in table "blog_gp1701..blog"
[DEBUG][2018-05-15 21:37:04,205][org.mybatis.generator.internal.db.DatabaseIntrospector]Found column "state", data type 12, in table "blog_gp1701..blog"
[DEBUG][2018-05-15 21:37:04,205][org.mybatis.generator.internal.db.DatabaseIntrospector]Found column "featured", data type -6, in table "blog_gp1701..blog"
[DEBUG][2018-05-15 21:37:04,206][org.mybatis.generator.internal.db.DatabaseIntrospector]Found column "style", data type 12, in table "blog_gp1701..blog"
[DEBUG][2018-05-20 15:26:46,705][org.mybatis.generator.internal.db.DatabaseIntrospector]Retrieving column information for table "blog"
[DEBUG][2018-05-20 15:26:46,712][org.mybatis.generator.internal.db.DatabaseIntrospector]Found column "id", data type 4, in table "blog_gp1701..blog"
[DEBUG][2018-05-20 15:26:46,713][org.mybatis.generator.internal.db.DatabaseIntrospector]Found column "title", data type 12, in table "blog_gp1701..blog"
[DEBUG][2018-05-20 15:26:46,713][org.mybatis.generator.internal.db.DatabaseIntrospector]Found column "author_Id", data type 4, in table "blog_gp1701..blog"
[DEBUG][2018-05-20 15:26:46,713][org.mybatis.generator.internal.db.DatabaseIntrospector]Found column "state", data type 12, in table "blog_gp1701..blog"
[DEBUG][2018-05-20 15:26:46,713][org.mybatis.generator.internal.db.DatabaseIntrospector]Found column "featured", data type -6, in table "blog_gp1701..blog"
[DEBUG][2018-05-20 15:26:46,713][org.mybatis.generator.internal.db.DatabaseIntrospector]Found column "style", data type 12, in table "blog_gp1701..blog"
[DEBUG][2018-05-20 15:26:46,715][org.mybatis.generator.internal.db.DatabaseIntrospector]Retrieving column information for table "author"
[DEBUG][2018-05-20 15:26:46,718][org.mybatis.generator.internal.db.DatabaseIntrospector]Found column "id", data type 4, in table "blog_gp1701..author"
[DEBUG][2018-05-20 15:26:46,718][org.mybatis.generator.internal.db.DatabaseIntrospector]Found column "username", data type 12, in table "blog_gp1701..author"
[DEBUG][2018-05-20 15:26:46,718][org.mybatis.generator.internal.db.DatabaseIntrospector]Found column "password", data type 12, in table "blog_gp1701..author"
[DEBUG][2018-05-20 15:26:46,718][org.mybatis.generator.internal.db.DatabaseIntrospector]Found column "email", data type 12, in table "blog_gp1701..author"
[DEBUG][2018-05-20 15:26:46,718][org.mybatis.generator.internal.db.DatabaseIntrospector]Found column "bio", data type 12, in table "blog_gp1701..author"
[DEBUG][2018-05-20 15:26:46,718][org.mybatis.generator.internal.db.DatabaseIntrospector]Found column "favouriteSection", data type 12, in table "blog_gp1701..author"
[DEBUG][2018-05-20 15:26:46,718][org.mybatis.generator.internal.db.DatabaseIntrospector]Found column "nickname", data type 12, in table "blog_gp1701..author"
[DEBUG][2018-05-20 15:26:46,719][org.mybatis.generator.internal.db.DatabaseIntrospector]Found column "realname", data type 12, in table "blog_gp1701..author"
